
> @opendaw/app-studio@0.0.114 build
> tsc && vite build

8a07ce2e-22ce-4bf9-a11e-a383ddd7912e
[36mvite v7.3.1 [32mbuilding client environment for production...[36m[39m
Build info written to: /home/runner/work/openDAWcopyasbs/openDAWcopyasbs/packages/app/studio/public/build-info.json
transforming...

grid16.svg referenced in grid16.svg didn't resolve at build time, it will remain unchanged to be resolved at runtime
[32m✓[39m 3849 modules transformed.
rendering chunks...
computing gzip size...
[2mdist/[22m[32moverlay-preview.html                                      [39m[1m[2m    0.39 kB[22m[1m[22m[2m │ gzip:   0.27 kB[22m
[2mdist/[22m[2massets/[22m[32mworker-BAOIWoxA.js                                 [39m[1m[2m    2.57 kB[22m[1m[22m
[2mdist/[22m[32mindex.html                                                [39m[1m[2m    6.22 kB[22m[1m[22m[2m │ gzip:   1.25 kB[22m
[2mdist/[22m[2massets/[22m[32moffline-engine-C0o33KhQ.js                         [39m[1m[2m   13.62 kB[22m[1m[22m
[2mdist/[22m[2massets/[22m[32mworkers-main-DcbjkRYP.js                           [39m[1m[2m   29.79 kB[22m[1m[22m
[2mdist/[22m[32mcodicon.8a07ce2e-22ce-4bf9-a11e-a383ddd7912e.ttf          [39m[1m[2m   90.73 kB[22m[1m[22m
[2mdist/[22m[32mnam.8a07ce2e-22ce-4bf9-a11e-a383ddd7912e.wasm             [39m[1m[2m  208.94 kB[22m[1m[22m[2m │ gzip:  81.92 kB[22m
[2mdist/[22m[2massets/[22m[32meditor.worker-CHMq8uMJ.js                          [39m[1m[2m  250.78 kB[22m[1m[22m
[2mdist/[22m[2massets/[22m[32mScriptWorker-BzXETq49.js                           [39m[1m[2m  665.62 kB[22m[1m[22m
[2mdist/[22m[32mprocessors.8a07ce2e-22ce-4bf9-a11e-a383ddd7912e.js        [39m[1m[2m  988.68 kB[22m[1m[22m
[2mdist/[22m[2massets/[22m[32mts.worker-C0NX-1he.js                              [39m[1m[2m6,033.36 kB[22m[1m[22m
[2mdist/[22m[35mmain.8a07ce2e-22ce-4bf9-a11e-a383ddd7912e.css             [39m[1m[2m    2.71 kB[22m[1m[22m[2m │ gzip:   1.02 kB[22m
[2mdist/[22m[35meditor.8a07ce2e-22ce-4bf9-a11e-a383ddd7912e.css           [39m[1m[2m  141.41 kB[22m[1m[22m[2m │ gzip:  22.74 kB[22m
[2mdist/[22m[36mazcli.8a07ce2e-22ce-4bf9-a11e-a383ddd7912e.js             [39m[1m[2m    0.78 kB[22m[1m[22m[2m │ gzip:   0.34 kB[22m[2m │ map:      2.81 kB[22m
[2mdist/[22m[36mini.8a07ce2e-22ce-4bf9-a11e-a383ddd7912e.js               [39m[1m[2m    1.03 kB[22m[1m[22m[2m │ gzip:   0.56 kB[22m[2m │ map:      3.52 kB[22m
[2mdist/[22m[36mjavascript.8a07ce2e-22ce-4bf9-a11e-a383ddd7912e.js        [39m[1m[2m    1.06 kB[22m[1m[22m[2m │ gzip:   0.50 kB[22m[2m │ map:      2.66 kB[22m
[2mdist/[22m[36moverlay-preview.8a07ce2e-22ce-4bf9-a11e-a383ddd7912e.js   [39m[1m[2m    1.23 kB[22m[1m[22m[2m │ gzip:   0.76 kB[22m[2m │ map:      4.34 kB[22m
[2mdist/[22m[36mcsp.8a07ce2e-22ce-4bf9-a11e-a383ddd7912e.js               [39m[1m[2m    1.35 kB[22m[1m[22m[2m │ gzip:   0.54 kB[22m[2m │ map:      3.37 kB[22m
[2mdist/[22m[36mpla.8a07ce2e-22ce-4bf9-a11e-a383ddd7912e.js               [39m[1m[2m    1.61 kB[22m[1m[22m[2m │ gzip:   0.67 kB[22m[2m │ map:      5.43 kB[22m
[2mdist/[22m[36mscheme.8a07ce2e-22ce-4bf9-a11e-a383ddd7912e.js            [39m[1m[2m    1.70 kB[22m[1m[22m[2m │ gzip:   0.84 kB[22m[2m │ map:      4.85 kB[22m
[2mdist/[22m[36mflow9.8a07ce2e-22ce-4bf9-a11e-a383ddd7912e.js             [39m[1m[2m    1.74 kB[22m[1m[22m[2m │ gzip:   0.87 kB[22m[2m │ map:      5.42 kB[22m
[2mdist/[22m[36msb.8a07ce2e-22ce-4bf9-a11e-a383ddd7912e.js                [39m[1m[2m    1.76 kB[22m[1m[22m[2m │ gzip:   0.85 kB[22m[2m │ map:      5.33 kB[22m
[2mdist/[22m[36mbat.8a07ce2e-22ce-4bf9-a11e-a383ddd7912e.js               [39m[1m[2m    1.77 kB[22m[1m[22m[2m │ gzip:   0.89 kB[22m[2m │ map:      5.08 kB[22m
[2mdist/[22m[36mdockerfile.8a07ce2e-22ce-4bf9-a11e-a383ddd7912e.js        [39m[1m[2m    1.81 kB[22m[1m[22m[2m │ gzip:   0.70 kB[22m[2m │ map:      5.89 kB[22m
[2mdist/[22m[36mpascaligo.8a07ce2e-22ce-4bf9-a11e-a383ddd7912e.js         [39m[1m[2m    1.94 kB[22m[1m[22m[2m │ gzip:   0.93 kB[22m[2m │ map:      6.23 kB[22m
[2mdist/[22m[36mlua.8a07ce2e-22ce-4bf9-a11e-a383ddd7912e.js               [39m[1m[2m    2.05 kB[22m[1m[22m[2m │ gzip:   0.95 kB[22m[2m │ map:      6.41 kB[22m
[2mdist/[22m[36mcameligo.8a07ce2e-22ce-4bf9-a11e-a383ddd7912e.js          [39m[1m[2m    2.12 kB[22m[1m[22m[2m │ gzip:   0.98 kB[22m[2m │ map:      6.72 kB[22m
[2mdist/[22m[36mgraphql.8a07ce2e-22ce-4bf9-a11e-a383ddd7912e.js           [39m[1m[2m    2.19 kB[22m[1m[22m[2m │ gzip:   1.05 kB[22m[2m │ map:      6.69 kB[22m
[2mdist/[22m[36mobjective-c.8a07ce2e-22ce-4bf9-a11e-a383ddd7912e.js       [39m[1m[2m    2.34 kB[22m[1m[22m[2m │ gzip:   1.08 kB[22m[2m │ map:      6.65 kB[22m
[2mdist/[22m[36mlexon.8a07ce2e-22ce-4bf9-a11e-a383ddd7912e.js             [39m[1m[2m    2.37 kB[22m[1m[22m[2m │ gzip:   0.95 kB[22m[2m │ map:      6.98 kB[22m
[2mdist/[22m[36mbicep.8a07ce2e-22ce-4bf9-a11e-a383ddd7912e.js             [39m[1m[2m    2.47 kB[22m[1m[22m[2m │ gzip:   0.99 kB[22m[2m │ map:      6.88 kB[22m
[2mdist/[22m[36msparql.8a07ce2e-22ce-4bf9-a11e-a383ddd7912e.js            [39m[1m[2m    2.48 kB[22m[1m[22m[2m │ gzip:   1.19 kB[22m[2m │ map:      7.12 kB[22m
[2mdist/[22m[36mxml.8a07ce2e-22ce-4bf9-a11e-a383ddd7912e.js               [39m[1m[2m    2.51 kB[22m[1m[22m[2m │ gzip:   1.01 kB[22m[2m │ map:      7.07 kB[22m
[2mdist/[22m[36mmips.8a07ce2e-22ce-4bf9-a11e-a383ddd7912e.js              [39m[1m[2m    2.51 kB[22m[1m[22m[2m │ gzip:   1.09 kB[22m[2m │ map:      7.45 kB[22m
[2mdist/[22m[36mgo.8a07ce2e-22ce-4bf9-a11e-a383ddd7912e.js                [39m[1m[2m    2.59 kB[22m[1m[22m[2m │ gzip:   1.17 kB[22m[2m │ map:      8.08 kB[22m
[2mdist/[22m[36msophia.8a07ce2e-22ce-4bf9-a11e-a383ddd7912e.js            [39m[1m[2m    2.70 kB[22m[1m[22m[2m │ gzip:   1.23 kB[22m[2m │ map:      7.68 kB[22m
[2mdist/[22m[36mtypespec.8a07ce2e-22ce-4bf9-a11e-a383ddd7912e.js          [39m[1m[2m    2.73 kB[22m[1m[22m[2m │ gzip:   1.11 kB[22m[2m │ map:      7.66 kB[22m
[2mdist/[22m[36mm3.8a07ce2e-22ce-4bf9-a11e-a383ddd7912e.js                [39m[1m[2m    2.75 kB[22m[1m[22m[2m │ gzip:   1.34 kB[22m[2m │ map:      7.71 kB[22m
[2mdist/[22m[36mfsharp.8a07ce2e-22ce-4bf9-a11e-a383ddd7912e.js            [39m[1m[2m    2.92 kB[22m[1m[22m[2m │ gzip:   1.35 kB[22m[2m │ map:      8.09 kB[22m
[2mdist/[22m[36mpascal.8a07ce2e-22ce-4bf9-a11e-a383ddd7912e.js            [39m[1m[2m    2.93 kB[22m[1m[22m[2m │ gzip:   1.42 kB[22m[2m │ map:      8.48 kB[22m
[2mdist/[22m[36mshell.8a07ce2e-22ce-4bf9-a11e-a383ddd7912e.js             [39m[1m[2m    3.00 kB[22m[1m[22m[2m │ gzip:   1.22 kB[22m[2m │ map:      8.33 kB[22m
[2mdist/[22m[36mr.8a07ce2e-22ce-4bf9-a11e-a383ddd7912e.js                 [39m[1m[2m    3.06 kB[22m[1m[22m[2m │ gzip:   1.30 kB[22m[2m │ map:      8.58 kB[22m
[2mdist/[22m[36mqsharp.8a07ce2e-22ce-4bf9-a11e-a383ddd7912e.js            [39m[1m[2m    3.12 kB[22m[1m[22m[2m │ gzip:   1.44 kB[22m[2m │ map:      9.21 kB[22m
[2mdist/[22m[36mjava.8a07ce2e-22ce-4bf9-a11e-a383ddd7912e.js              [39m[1m[2m    3.15 kB[22m[1m[22m[2m │ gzip:   1.43 kB[22m[2m │ map:      8.94 kB[22m
[2mdist/[22m[36mpowershell.8a07ce2e-22ce-4bf9-a11e-a383ddd7912e.js        [39m[1m[2m    3.21 kB[22m[1m[22m[2m │ gzip:   1.41 kB[22m[2m │ map:      9.32 kB[22m
[2mdist/[22m[36mindex.8a07ce2e-22ce-4bf9-a11e-a383ddd7912e3.js            [39m[1m[2m    3.23 kB[22m[1m[22m[2m │ gzip:   1.34 kB[22m[2m │ map:     17.26 kB[22m
[2mdist/[22m[36mcypher.8a07ce2e-22ce-4bf9-a11e-a383ddd7912e.js            [39m[1m[2m    3.32 kB[22m[1m[22m[2m │ gzip:   1.46 kB[22m[2m │ map:      9.29 kB[22m
[2mdist/[22m[36mkotlin.8a07ce2e-22ce-4bf9-a11e-a383ddd7912e.js            [39m[1m[2m    3.37 kB[22m[1m[22m[2m │ gzip:   1.50 kB[22m[2m │ map:      9.27 kB[22m
[2mdist/[22m[36mredis.8a07ce2e-22ce-4bf9-a11e-a383ddd7912e.js             [39m[1m[2m    3.49 kB[22m[1m[22m[2m │ gzip:   1.51 kB[22m[2m │ map:      9.28 kB[22m
[2mdist/[22m[36mtcl.8a07ce2e-22ce-4bf9-a11e-a383ddd7912e.js               [39m[1m[2m    3.50 kB[22m[1m[22m[2m │ gzip:   1.39 kB[22m[2m │ map:      9.26 kB[22m
[2mdist/[22m[36mhcl.8a07ce2e-22ce-4bf9-a11e-a383ddd7912e.js               [39m[1m[2m    3.52 kB[22m[1m[22m[2m │ gzip:   1.51 kB[22m[2m │ map:      8.62 kB[22m
[2mdist/[22m[36mcoffee.8a07ce2e-22ce-4bf9-a11e-a383ddd7912e.js            [39m[1m[2m    3.52 kB[22m[1m[22m[2m │ gzip:   1.32 kB[22m[2m │ map:     10.05 kB[22m
[2mdist/[22m[36mmarkdown.8a07ce2e-22ce-4bf9-a11e-a383ddd7912e.js          [39m[1m[2m    3.72 kB[22m[1m[22m[2m │ gzip:   1.42 kB[22m[2m │ map:     10.96 kB[22m
[2mdist/[22m[36mless.8a07ce2e-22ce-4bf9-a11e-a383ddd7912e.js              [39m[1m[2m    3.83 kB[22m[1m[22m[2m │ gzip:   1.44 kB[22m[2m │ map:      9.29 kB[22m
[2mdist/[22m[36mrestructuredtext.8a07ce2e-22ce-4bf9-a11e-a383ddd7912e.js  [39m[1m[2m    3.84 kB[22m[1m[22m[2m │ gzip:   1.41 kB[22m[2m │ map:      9.50 kB[22m
[2mdist/[22m[36mapex.8a07ce2e-22ce-4bf9-a11e-a383ddd7912e.js              [39m[1m[2m    3.88 kB[22m[1m[22m[2m │ gzip:   1.79 kB[22m[2m │ map:     11.06 kB[22m
[2mdist/[22m[36mliquid.8a07ce2e-22ce-4bf9-a11e-a383ddd7912e.js            [39m[1m[2m    4.06 kB[22m[1m[22m[2m │ gzip:   1.69 kB[22m[2m │ map:     10.82 kB[22m
[2mdist/[22m[36mrust.8a07ce2e-22ce-4bf9-a11e-a383ddd7912e.js              [39m[1m[2m    4.09 kB[22m[1m[22m[2m │ gzip:   1.85 kB[22m[2m │ map:     11.04 kB[22m
[2mdist/[22m[36myaml.8a07ce2e-22ce-4bf9-a11e-a383ddd7912e.js              [39m[1m[2m    4.11 kB[22m[1m[22m[2m │ gzip:   1.56 kB[22m[2m │ map:     11.45 kB[22m
[2mdist/[22m[36mdart.8a07ce2e-22ce-4bf9-a11e-a383ddd7912e.js              [39m[1m[2m    4.18 kB[22m[1m[22m[2m │ gzip:   1.68 kB[22m[2m │ map:     11.28 kB[22m
[2mdist/[22m[36mFFmpegWorker.8a07ce2e-22ce-4bf9-a11e-a383ddd7912e.js      [39m[1m[2m    4.26 kB[22m[1m[22m[2m │ gzip:   1.68 kB[22m[2m │ map:     13.87 kB[22m
[2mdist/[22m[36mpython.8a07ce2e-22ce-4bf9-a11e-a383ddd7912e.js            [39m[1m[2m    4.29 kB[22m[1m[22m[2m │ gzip:   1.72 kB[22m[2m │ map:     12.70 kB[22m
[2mdist/[22m[36mcss.8a07ce2e-22ce-4bf9-a11e-a383ddd7912e.js               [39m[1m[2m    4.44 kB[22m[1m[22m[2m │ gzip:   1.41 kB[22m[2m │ map:     11.28 kB[22m
[2mdist/[22m[36mcsharp.8a07ce2e-22ce-4bf9-a11e-a383ddd7912e.js            [39m[1m[2m    4.46 kB[22m[1m[22m[2m │ gzip:   1.75 kB[22m[2m │ map:     12.39 kB[22m
[2mdist/[22m[36mmonaco-setup.8a07ce2e-22ce-4bf9-a11e-a383ddd7912e2.js     [39m[1m[2m    4.76 kB[22m[1m[22m[2m │ gzip:   1.93 kB[22m[2m │ map:     11.59 kB[22m
[2mdist/[22m[36mpug.8a07ce2e-22ce-4bf9-a11e-a383ddd7912e.js               [39m[1m[2m    4.76 kB[22m[1m[22m[2m │ gzip:   1.67 kB[22m[2m │ map:     14.26 kB[22m
[2mdist/[22m[36mmsdax.8a07ce2e-22ce-4bf9-a11e-a383ddd7912e.js             [39m[1m[2m    4.84 kB[22m[1m[22m[2m │ gzip:   1.98 kB[22m[2m │ map:     11.95 kB[22m
[2mdist/[22m[36mswift.8a07ce2e-22ce-4bf9-a11e-a383ddd7912e.js             [39m[1m[2m    4.84 kB[22m[1m[22m[2m │ gzip:   2.05 kB[22m[2m │ map:     12.06 kB[22m
[2mdist/[22m[36mmdx.8a07ce2e-22ce-4bf9-a11e-a383ddd7912e.js               [39m[1m[2m    4.96 kB[22m[1m[22m[2m │ gzip:   1.48 kB[22m[2m │ map:     12.78 kB[22m
[2mdist/[22m[36mhtml.8a07ce2e-22ce-4bf9-a11e-a383ddd7912e.js              [39m[1m[2m    5.11 kB[22m[1m[22m[2m │ gzip:   1.43 kB[22m[2m │ map:     14.49 kB[22m
[2mdist/[22m[36mcpp.8a07ce2e-22ce-4bf9-a11e-a383ddd7912e.js               [39m[1m[2m    5.23 kB[22m[1m[22m[2m │ gzip:   2.11 kB[22m[2m │ map:     13.69 kB[22m
[2mdist/[22m[36mecl.8a07ce2e-22ce-4bf9-a11e-a383ddd7912e.js               [39m[1m[2m    5.27 kB[22m[1m[22m[2m │ gzip:   2.26 kB[22m[2m │ map:     13.63 kB[22m
[2mdist/[22m[36mtypescript.8a07ce2e-22ce-4bf9-a11e-a383ddd7912e.js        [39m[1m[2m    5.51 kB[22m[1m[22m[2m │ gzip:   2.21 kB[22m[2m │ map:     14.86 kB[22m
[2mdist/[22m[36mvb.8a07ce2e-22ce-4bf9-a11e-a383ddd7912e.js                [39m[1m[2m    5.72 kB[22m[1m[22m[2m │ gzip:   2.08 kB[22m[2m │ map:     14.20 kB[22m
[2mdist/[22m[36mtwig.8a07ce2e-22ce-4bf9-a11e-a383ddd7912e.js              [39m[1m[2m    5.90 kB[22m[1m[22m[2m │ gzip:   1.55 kB[22m[2m │ map:     16.63 kB[22m
[2mdist/[22m[36mscss.8a07ce2e-22ce-4bf9-a11e-a383ddd7912e.js              [39m[1m[2m    6.34 kB[22m[1m[22m[2m │ gzip:   1.78 kB[22m[2m │ map:     16.24 kB[22m
[2mdist/[22m[36mhandlebars.8a07ce2e-22ce-4bf9-a11e-a383ddd7912e.js        [39m[1m[2m    6.87 kB[22m[1m[22m[2m │ gzip:   1.65 kB[22m[2m │ map:     18.51 kB[22m
[2mdist/[22m[36mjulia.8a07ce2e-22ce-4bf9-a11e-a383ddd7912e.js             [39m[1m[2m    7.08 kB[22m[1m[22m[2m │ gzip:   2.68 kB[22m[2m │ map:     18.10 kB[22m
[2mdist/[22m[36mscala.8a07ce2e-22ce-4bf9-a11e-a383ddd7912e.js             [39m[1m[2m    7.25 kB[22m[1m[22m[2m │ gzip:   2.13 kB[22m[2m │ map:     18.17 kB[22m
[2mdist/[22m[36mwgsl.8a07ce2e-22ce-4bf9-a11e-a383ddd7912e.js              [39m[1m[2m    7.26 kB[22m[1m[22m[2m │ gzip:   2.77 kB[22m[2m │ map:     15.63 kB[22m
[2mdist/[22m[36mst.8a07ce2e-22ce-4bf9-a11e-a383ddd7912e.js                [39m[1m[2m    7.33 kB[22m[1m[22m[2m │ gzip:   2.27 kB[22m[2m │ map:     17.95 kB[22m
[2mdist/[22m[36msystemverilog.8a07ce2e-22ce-4bf9-a11e-a383ddd7912e.js     [39m[1m[2m    7.54 kB[22m[1m[22m[2m │ gzip:   2.79 kB[22m[2m │ map:     19.13 kB[22m
[2mdist/[22m[36mpostiats.8a07ce2e-22ce-4bf9-a11e-a383ddd7912e.js          [39m[1m[2m    7.79 kB[22m[1m[22m[2m │ gzip:   2.47 kB[22m[2m │ map:     27.70 kB[22m
[2mdist/[22m[36mphp.8a07ce2e-22ce-4bf9-a11e-a383ddd7912e.js               [39m[1m[2m    7.96 kB[22m[1m[22m[2m │ gzip:   2.10 kB[22m[2m │ map:     20.30 kB[22m
[2mdist/[22m[36mperl.8a07ce2e-22ce-4bf9-a11e-a383ddd7912e.js              [39m[1m[2m    8.19 kB[22m[1m[22m[2m │ gzip:   3.16 kB[22m[2m │ map:     21.09 kB[22m
[2mdist/[22m[36mruby.8a07ce2e-22ce-4bf9-a11e-a383ddd7912e.js              [39m[1m[2m    8.43 kB[22m[1m[22m[2m │ gzip:   2.61 kB[22m[2m │ map:     23.78 kB[22m
[2mdist/[22m[36mrazor.8a07ce2e-22ce-4bf9-a11e-a383ddd7912e.js             [39m[1m[2m    8.87 kB[22m[1m[22m[2m │ gzip:   2.33 kB[22m[2m │ map:     23.28 kB[22m
[2mdist/[22m[36mprotobuf.8a07ce2e-22ce-4bf9-a11e-a383ddd7912e.js          [39m[1m[2m    8.98 kB[22m[1m[22m[2m │ gzip:   2.10 kB[22m[2m │ map:     22.09 kB[22m
[2mdist/[22m[36mclojure.8a07ce2e-22ce-4bf9-a11e-a383ddd7912e.js           [39m[1m[2m    9.58 kB[22m[1m[22m[2m │ gzip:   3.63 kB[22m[2m │ map:     21.72 kB[22m
[2mdist/[22m[36melixir.8a07ce2e-22ce-4bf9-a11e-a383ddd7912e.js            [39m[1m[2m   10.19 kB[22m[1m[22m[2m │ gzip:   2.56 kB[22m[2m │ map:     27.80 kB[22m
[2mdist/[22m[36msql.8a07ce2e-22ce-4bf9-a11e-a383ddd7912e.js               [39m[1m[2m   10.23 kB[22m[1m[22m[2m │ gzip:   3.86 kB[22m[2m │ map:     24.53 kB[22m
[2mdist/[22m[36mmysql.8a07ce2e-22ce-4bf9-a11e-a383ddd7912e.js             [39m[1m[2m   11.21 kB[22m[1m[22m[2m │ gzip:   4.09 kB[22m[2m │ map:     25.29 kB[22m
[2mdist/[22m[36mredshift.8a07ce2e-22ce-4bf9-a11e-a383ddd7912e.js          [39m[1m[2m   11.73 kB[22m[1m[22m[2m │ gzip:   4.36 kB[22m[2m │ map:     24.90 kB[22m
[2mdist/[22m[36mpgsql.8a07ce2e-22ce-4bf9-a11e-a383ddd7912e.js             [39m[1m[2m   13.40 kB[22m[1m[22m[2m │ gzip:   4.53 kB[22m[2m │ map:     27.20 kB[22m
[2mdist/[22m[36mabap.8a07ce2e-22ce-4bf9-a11e-a383ddd7912e.js              [39m[1m[2m   14.09 kB[22m[1m[22m[2m │ gzip:   5.33 kB[22m[2m │ map:     35.09 kB[22m
[2mdist/[22m[36mfreemarker2.8a07ce2e-22ce-4bf9-a11e-a383ddd7912e.js       [39m[1m[2m   16.20 kB[22m[1m[22m[2m │ gzip:   4.19 kB[22m[2m │ map:     61.02 kB[22m
[2mdist/[22m[36mpowerquery.8a07ce2e-22ce-4bf9-a11e-a383ddd7912e.js        [39m[1m[2m   16.88 kB[22m[1m[22m[2m │ gzip:   4.88 kB[22m[2m │ map:     31.12 kB[22m
[2mdist/[22m[36msolidity.8a07ce2e-22ce-4bf9-a11e-a383ddd7912e.js          [39m[1m[2m   18.53 kB[22m[1m[22m[2m │ gzip:   4.47 kB[22m[2m │ map:     38.77 kB[22m
[2mdist/[22m[36mVideoOverlay.8a07ce2e-22ce-4bf9-a11e-a383ddd7912e.js      [39m[1m[2m   21.97 kB[22m[1m[22m[2m │ gzip:   8.56 kB[22m[2m │ map:     92.09 kB[22m
[2mdist/[22m[36mtsMode.8a07ce2e-22ce-4bf9-a11e-a383ddd7912e.js            [39m[1m[2m   23.97 kB[22m[1m[22m[2m │ gzip:   6.73 kB[22m[2m │ map:     74.90 kB[22m
[2mdist/[22m[36mmonaco-setup.8a07ce2e-22ce-4bf9-a11e-a383ddd7912e.js      [39m[1m[2m   25.16 kB[22m[1m[22m[2m │ gzip:   6.02 kB[22m[2m │ map:     31.75 kB[22m
[2mdist/[22m[36mcssMode.8a07ce2e-22ce-4bf9-a11e-a383ddd7912e.js           [39m[1m[2m   33.24 kB[22m[1m[22m[2m │ gzip:   9.06 kB[22m[2m │ map:    124.98 kB[22m
[2mdist/[22m[36mhtmlMode.8a07ce2e-22ce-4bf9-a11e-a383ddd7912e.js          [39m[1m[2m   33.79 kB[22m[1m[22m[2m │ gzip:   9.18 kB[22m[2m │ map:    126.62 kB[22m
[2mdist/[22m[36mSoundFont2.8a07ce2e-22ce-4bf9-a11e-a383ddd7912e.js        [39m[1m[2m   36.33 kB[22m[1m[22m[2m │ gzip:   8.44 kB[22m[2m │ map:    205.81 kB[22m
[2mdist/[22m[36mjsonMode.8a07ce2e-22ce-4bf9-a11e-a383ddd7912e.js          [39m[1m[2m   42.66 kB[22m[1m[22m[2m │ gzip:  12.39 kB[22m[2m │ map:    165.01 kB[22m
[2mdist/[22m[36mindex.8a07ce2e-22ce-4bf9-a11e-a383ddd7912e.js             [39m[1m[2m   47.80 kB[22m[1m[22m[2m │ gzip:   7.85 kB[22m[2m │ map:    255.05 kB[22m
[2mdist/[22m[36mjszip.min.8a07ce2e-22ce-4bf9-a11e-a383ddd7912e.js         [39m[1m[2m   97.39 kB[22m[1m[22m[2m │ gzip:  30.18 kB[22m[2m │ map:    226.83 kB[22m
[2mdist/[22m[36mgraph-runtime.8a07ce2e-22ce-4bf9-a11e-a383ddd7912e.js     [39m[1m[2m  184.03 kB[22m[1m[22m[2m │ gzip:  61.46 kB[22m[2m │ map:    767.40 kB[22m
[2mdist/[22m[36mindex.8a07ce2e-22ce-4bf9-a11e-a383ddd7912e2.js            [39m[1m[2m  488.97 kB[22m[1m[22m[2m │ gzip: 122.13 kB[22m[2m │ map:  2,034.24 kB[22m
[2mdist/[22m[36mmain.8a07ce2e-22ce-4bf9-a11e-a383ddd7912e.js              [39m[1m[33m2,110.46 kB[39m[22m[2m │ gzip: 564.82 kB[22m[2m │ map:  7,921.36 kB[22m
[2mdist/[22m[36meditor.main.8a07ce2e-22ce-4bf9-a11e-a383ddd7912e.js       [39m[1m[33m3,673.12 kB[39m[22m[2m │ gzip: 944.41 kB[22m[2m │ map: 14,295.43 kB[22m
[33m
(!) Some chunks are larger than 500 kB after minification. Consider:
- Using dynamic import() to code-split the application
- Use build.rollupOptions.output.manualChunks to improve chunking: https://rollupjs.org/configuration-options/#output-manualchunks
- Adjust chunk size limit for this warning via build.chunkSizeWarningLimit.[39m
[32m✓ built in 43.35s[39m

✨ [vite-plugin-compression]:algorithm=brotliCompress - compressed file successfully: 
dist//home/runner/work/openDAWcopyasbs/openDAWcopyasbs/packages/app/studio/apex.8a07ce2e-22ce-4bf9-a11e-a383ddd7912e.js.br               3.79kb / brotliCompress: 1.53kb
dist//home/runner/work/openDAWcopyasbs/openDAWcopyasbs/packages/app/studio/FFmpegWorker.8a07ce2e-22ce-4bf9-a11e-a383ddd7912e.js.br       4.16kb / brotliCompress: 1.46kb
dist//home/runner/work/openDAWcopyasbs/openDAWcopyasbs/packages/app/studio/abap.8a07ce2e-22ce-4bf9-a11e-a383ddd7912e.js.br               13.76kb / brotliCompress: 4.53kb
dist//home/runner/work/openDAWcopyasbs/openDAWcopyasbs/packages/app/studio/assets/offline-engine-C0o33KhQ.js.br                          13.30kb / brotliCompress: 4.59kb
dist//home/runner/work/openDAWcopyasbs/openDAWcopyasbs/packages/app/studio/assets/worker-BAOIWoxA.js.br                                  2.51kb / brotliCompress: 1.05kb
dist//home/runner/work/openDAWcopyasbs/openDAWcopyasbs/packages/app/studio/SoundFont2.8a07ce2e-22ce-4bf9-a11e-a383ddd7912e.js.br         35.48kb / brotliCompress: 7.35kb
dist//home/runner/work/openDAWcopyasbs/openDAWcopyasbs/packages/app/studio/VideoOverlay.8a07ce2e-22ce-4bf9-a11e-a383ddd7912e.js.br       21.45kb / brotliCompress: 7.46kb
dist//home/runner/work/openDAWcopyasbs/openDAWcopyasbs/packages/app/studio/auth-callback.html.br                                         3.31kb / brotliCompress: 0.93kb
dist//home/runner/work/openDAWcopyasbs/openDAWcopyasbs/packages/app/studio/bat.8a07ce2e-22ce-4bf9-a11e-a383ddd7912e.js.br                1.73kb / brotliCompress: 0.78kb
dist//home/runner/work/openDAWcopyasbs/openDAWcopyasbs/packages/app/studio/bicep.8a07ce2e-22ce-4bf9-a11e-a383ddd7912e.js.br              2.41kb / brotliCompress: 0.85kb
dist//home/runner/work/openDAWcopyasbs/openDAWcopyasbs/packages/app/studio/cameligo.8a07ce2e-22ce-4bf9-a11e-a383ddd7912e.js.br           2.07kb / brotliCompress: 0.86kb
dist//home/runner/work/openDAWcopyasbs/openDAWcopyasbs/packages/app/studio/assets/workers-main-DcbjkRYP.js.br                            29.09kb / brotliCompress: 9.36kb
dist//home/runner/work/openDAWcopyasbs/openDAWcopyasbs/packages/app/studio/clojure.8a07ce2e-22ce-4bf9-a11e-a383ddd7912e.js.br            9.35kb / brotliCompress: 3.20kb
dist//home/runner/work/openDAWcopyasbs/openDAWcopyasbs/packages/app/studio/coffee.8a07ce2e-22ce-4bf9-a11e-a383ddd7912e.js.br             3.44kb / brotliCompress: 1.16kb
dist//home/runner/work/openDAWcopyasbs/openDAWcopyasbs/packages/app/studio/cpp.8a07ce2e-22ce-4bf9-a11e-a383ddd7912e.js.br                5.11kb / brotliCompress: 1.85kb
dist//home/runner/work/openDAWcopyasbs/openDAWcopyasbs/packages/app/studio/csp.8a07ce2e-22ce-4bf9-a11e-a383ddd7912e.js.br                1.32kb / brotliCompress: 0.46kb
dist//home/runner/work/openDAWcopyasbs/openDAWcopyasbs/packages/app/studio/css.8a07ce2e-22ce-4bf9-a11e-a383ddd7912e.js.br                4.33kb / brotliCompress: 1.23kb
dist//home/runner/work/openDAWcopyasbs/openDAWcopyasbs/packages/app/studio/dart.8a07ce2e-22ce-4bf9-a11e-a383ddd7912e.js.br               4.08kb / brotliCompress: 1.46kb
dist//home/runner/work/openDAWcopyasbs/openDAWcopyasbs/packages/app/studio/cypher.8a07ce2e-22ce-4bf9-a11e-a383ddd7912e.js.br             3.24kb / brotliCompress: 1.26kb
dist//home/runner/work/openDAWcopyasbs/openDAWcopyasbs/packages/app/studio/csharp.8a07ce2e-22ce-4bf9-a11e-a383ddd7912e.js.br             4.35kb / brotliCompress: 1.52kb
dist//home/runner/work/openDAWcopyasbs/openDAWcopyasbs/packages/app/studio/cssMode.8a07ce2e-22ce-4bf9-a11e-a383ddd7912e.js.br            32.46kb / brotliCompress: 7.81kb
dist//home/runner/work/openDAWcopyasbs/openDAWcopyasbs/packages/app/studio/dockerfile.8a07ce2e-22ce-4bf9-a11e-a383ddd7912e.js.br         1.76kb / brotliCompress: 0.59kb
dist//home/runner/work/openDAWcopyasbs/openDAWcopyasbs/packages/app/studio/ecl.8a07ce2e-22ce-4bf9-a11e-a383ddd7912e.js.br                5.15kb / brotliCompress: 1.96kb
dist//home/runner/work/openDAWcopyasbs/openDAWcopyasbs/packages/app/studio/elixir.8a07ce2e-22ce-4bf9-a11e-a383ddd7912e.js.br             9.95kb / brotliCompress: 2.23kb
dist//home/runner/work/openDAWcopyasbs/openDAWcopyasbs/packages/app/studio/flow9.8a07ce2e-22ce-4bf9-a11e-a383ddd7912e.js.br              1.70kb / brotliCompress: 0.77kb
dist//home/runner/work/openDAWcopyasbs/openDAWcopyasbs/packages/app/studio/go.8a07ce2e-22ce-4bf9-a11e-a383ddd7912e.js.br                 2.52kb / brotliCompress: 1.03kb
dist//home/runner/work/openDAWcopyasbs/openDAWcopyasbs/packages/app/studio/freemarker2.8a07ce2e-22ce-4bf9-a11e-a383ddd7912e.js.br        15.82kb / brotliCompress: 3.52kb
dist//home/runner/work/openDAWcopyasbs/openDAWcopyasbs/packages/app/studio/fsharp.8a07ce2e-22ce-4bf9-a11e-a383ddd7912e.js.br             2.85kb / brotliCompress: 1.18kb
dist//home/runner/work/openDAWcopyasbs/openDAWcopyasbs/packages/app/studio/handlebars.8a07ce2e-22ce-4bf9-a11e-a383ddd7912e.js.br         6.71kb / brotliCompress: 1.42kb
dist//home/runner/work/openDAWcopyasbs/openDAWcopyasbs/packages/app/studio/graphql.8a07ce2e-22ce-4bf9-a11e-a383ddd7912e.js.br            2.14kb / brotliCompress: 0.88kb
dist//home/runner/work/openDAWcopyasbs/openDAWcopyasbs/packages/app/studio/hcl.8a07ce2e-22ce-4bf9-a11e-a383ddd7912e.js.br                3.44kb / brotliCompress: 1.32kb
dist//home/runner/work/openDAWcopyasbs/openDAWcopyasbs/packages/app/studio/html.8a07ce2e-22ce-4bf9-a11e-a383ddd7912e.js.br               4.99kb / brotliCompress: 1.23kb
dist//home/runner/work/openDAWcopyasbs/openDAWcopyasbs/packages/app/studio/htmlMode.8a07ce2e-22ce-4bf9-a11e-a383ddd7912e.js.br           33.00kb / brotliCompress: 7.91kb
dist//home/runner/work/openDAWcopyasbs/openDAWcopyasbs/packages/app/studio/ini.8a07ce2e-22ce-4bf9-a11e-a383ddd7912e.js.br                1.01kb / brotliCompress: 0.48kb
dist//home/runner/work/openDAWcopyasbs/openDAWcopyasbs/packages/app/studio/index.8a07ce2e-22ce-4bf9-a11e-a383ddd7912e3.js.br             3.16kb / brotliCompress: 1.16kb
dist//home/runner/work/openDAWcopyasbs/openDAWcopyasbs/packages/app/studio/index.8a07ce2e-22ce-4bf9-a11e-a383ddd7912e.js.br              46.68kb / brotliCompress: 6.74kb
dist//home/runner/work/openDAWcopyasbs/openDAWcopyasbs/packages/app/studio/index.html.br                                                 6.08kb / brotliCompress: 0.90kb
dist//home/runner/work/openDAWcopyasbs/openDAWcopyasbs/packages/app/studio/javascript.8a07ce2e-22ce-4bf9-a11e-a383ddd7912e.js.br         1.03kb / brotliCompress: 0.44kb
dist//home/runner/work/openDAWcopyasbs/openDAWcopyasbs/packages/app/studio/java.8a07ce2e-22ce-4bf9-a11e-a383ddd7912e.js.br               3.08kb / brotliCompress: 1.24kb
dist//home/runner/work/openDAWcopyasbs/openDAWcopyasbs/packages/app/studio/julia.8a07ce2e-22ce-4bf9-a11e-a383ddd7912e.js.br              6.91kb / brotliCompress: 2.33kb
dist//home/runner/work/openDAWcopyasbs/openDAWcopyasbs/packages/app/studio/jsonMode.8a07ce2e-22ce-4bf9-a11e-a383ddd7912e.js.br           41.66kb / brotliCompress: 10.65kb
dist//home/runner/work/openDAWcopyasbs/openDAWcopyasbs/packages/app/studio/kotlin.8a07ce2e-22ce-4bf9-a11e-a383ddd7912e.js.br             3.29kb / brotliCompress: 1.29kb
dist//home/runner/work/openDAWcopyasbs/openDAWcopyasbs/packages/app/studio/lua.8a07ce2e-22ce-4bf9-a11e-a383ddd7912e.js.br                2.00kb / brotliCompress: 0.83kb
dist//home/runner/work/openDAWcopyasbs/openDAWcopyasbs/packages/app/studio/less.8a07ce2e-22ce-4bf9-a11e-a383ddd7912e.js.br               3.74kb / brotliCompress: 1.27kb
dist//home/runner/work/openDAWcopyasbs/openDAWcopyasbs/packages/app/studio/liquid.8a07ce2e-22ce-4bf9-a11e-a383ddd7912e.js.br             3.96kb / brotliCompress: 1.47kb
dist//home/runner/work/openDAWcopyasbs/openDAWcopyasbs/packages/app/studio/lexon.8a07ce2e-22ce-4bf9-a11e-a383ddd7912e.js.br              2.31kb / brotliCompress: 0.83kb
dist//home/runner/work/openDAWcopyasbs/openDAWcopyasbs/packages/app/studio/main.8a07ce2e-22ce-4bf9-a11e-a383ddd7912e.css.br              2.65kb / brotliCompress: 0.80kb
dist//home/runner/work/openDAWcopyasbs/openDAWcopyasbs/packages/app/studio/m3.8a07ce2e-22ce-4bf9-a11e-a383ddd7912e.js.br                 2.68kb / brotliCompress: 1.16kb
dist//home/runner/work/openDAWcopyasbs/openDAWcopyasbs/packages/app/studio/markdown.8a07ce2e-22ce-4bf9-a11e-a383ddd7912e.js.br           3.63kb / brotliCompress: 1.22kb
dist//home/runner/work/openDAWcopyasbs/openDAWcopyasbs/packages/app/studio/mips.8a07ce2e-22ce-4bf9-a11e-a383ddd7912e.js.br               2.45kb / brotliCompress: 0.99kb
dist//home/runner/work/openDAWcopyasbs/openDAWcopyasbs/packages/app/studio/monaco-setup.8a07ce2e-22ce-4bf9-a11e-a383ddd7912e.js.br       24.57kb / brotliCompress: 5.24kb
dist//home/runner/work/openDAWcopyasbs/openDAWcopyasbs/packages/app/studio/mdx.8a07ce2e-22ce-4bf9-a11e-a383ddd7912e.js.br                4.84kb / brotliCompress: 1.29kb
dist//home/runner/work/openDAWcopyasbs/openDAWcopyasbs/packages/app/studio/monaco-setup.8a07ce2e-22ce-4bf9-a11e-a383ddd7912e2.js.br      4.64kb / brotliCompress: 1.66kb
dist//home/runner/work/openDAWcopyasbs/openDAWcopyasbs/packages/app/studio/objective-c.8a07ce2e-22ce-4bf9-a11e-a383ddd7912e.js.br        2.28kb / brotliCompress: 0.93kb
dist//home/runner/work/openDAWcopyasbs/openDAWcopyasbs/packages/app/studio/msdax.8a07ce2e-22ce-4bf9-a11e-a383ddd7912e.js.br              4.73kb / brotliCompress: 1.67kb
dist//home/runner/work/openDAWcopyasbs/openDAWcopyasbs/packages/app/studio/overlay-preview.8a07ce2e-22ce-4bf9-a11e-a383ddd7912e.js.br    1.20kb / brotliCompress: 0.63kb
dist//home/runner/work/openDAWcopyasbs/openDAWcopyasbs/packages/app/studio/pascal.8a07ce2e-22ce-4bf9-a11e-a383ddd7912e.js.br             2.86kb / brotliCompress: 1.20kb
dist//home/runner/work/openDAWcopyasbs/openDAWcopyasbs/packages/app/studio/mysql.8a07ce2e-22ce-4bf9-a11e-a383ddd7912e.js.br              10.94kb / brotliCompress: 3.48kb
dist//home/runner/work/openDAWcopyasbs/openDAWcopyasbs/packages/app/studio/pascaligo.8a07ce2e-22ce-4bf9-a11e-a383ddd7912e.js.br          1.89kb / brotliCompress: 0.80kb
dist//home/runner/work/openDAWcopyasbs/openDAWcopyasbs/packages/app/studio/perl.8a07ce2e-22ce-4bf9-a11e-a383ddd7912e.js.br               7.99kb / brotliCompress: 2.69kb
dist//home/runner/work/openDAWcopyasbs/openDAWcopyasbs/packages/app/studio/php.8a07ce2e-22ce-4bf9-a11e-a383ddd7912e.js.br                7.77kb / brotliCompress: 1.78kb
dist//home/runner/work/openDAWcopyasbs/openDAWcopyasbs/packages/app/studio/pla.8a07ce2e-22ce-4bf9-a11e-a383ddd7912e.js.br                1.57kb / brotliCompress: 0.58kb
dist//home/runner/work/openDAWcopyasbs/openDAWcopyasbs/packages/app/studio/pgsql.8a07ce2e-22ce-4bf9-a11e-a383ddd7912e.js.br              13.08kb / brotliCompress: 3.80kb
dist//home/runner/work/openDAWcopyasbs/openDAWcopyasbs/packages/app/studio/powershell.8a07ce2e-22ce-4bf9-a11e-a383ddd7912e.js.br         3.13kb / brotliCompress: 1.17kb
dist//home/runner/work/openDAWcopyasbs/openDAWcopyasbs/packages/app/studio/postiats.8a07ce2e-22ce-4bf9-a11e-a383ddd7912e.js.br           7.61kb / brotliCompress: 2.16kb
dist//home/runner/work/openDAWcopyasbs/openDAWcopyasbs/packages/app/studio/pug.8a07ce2e-22ce-4bf9-a11e-a383ddd7912e.js.br                4.65kb / brotliCompress: 1.46kb
dist//home/runner/work/openDAWcopyasbs/openDAWcopyasbs/packages/app/studio/protobuf.8a07ce2e-22ce-4bf9-a11e-a383ddd7912e.js.br           8.77kb / brotliCompress: 1.81kb
dist//home/runner/work/openDAWcopyasbs/openDAWcopyasbs/packages/app/studio/powerquery.8a07ce2e-22ce-4bf9-a11e-a383ddd7912e.js.br         16.48kb / brotliCompress: 4.12kb
dist//home/runner/work/openDAWcopyasbs/openDAWcopyasbs/packages/app/studio/qsharp.8a07ce2e-22ce-4bf9-a11e-a383ddd7912e.js.br             3.05kb / brotliCompress: 1.24kb
dist//home/runner/work/openDAWcopyasbs/openDAWcopyasbs/packages/app/studio/python.8a07ce2e-22ce-4bf9-a11e-a383ddd7912e.js.br             4.19kb / brotliCompress: 1.52kb
dist//home/runner/work/openDAWcopyasbs/openDAWcopyasbs/packages/app/studio/redis.8a07ce2e-22ce-4bf9-a11e-a383ddd7912e.js.br              3.41kb / brotliCompress: 1.29kb
dist//home/runner/work/openDAWcopyasbs/openDAWcopyasbs/packages/app/studio/r.8a07ce2e-22ce-4bf9-a11e-a383ddd7912e.js.br                  2.99kb / brotliCompress: 1.10kb
dist//home/runner/work/openDAWcopyasbs/openDAWcopyasbs/packages/app/studio/razor.8a07ce2e-22ce-4bf9-a11e-a383ddd7912e.js.br              8.66kb / brotliCompress: 2.03kb
dist//home/runner/work/openDAWcopyasbs/openDAWcopyasbs/packages/app/studio/restructuredtext.8a07ce2e-22ce-4bf9-a11e-a383ddd7912e.js.br   3.75kb / brotliCompress: 1.23kb
dist//home/runner/work/openDAWcopyasbs/openDAWcopyasbs/packages/app/studio/redshift.8a07ce2e-22ce-4bf9-a11e-a383ddd7912e.js.br           11.46kb / brotliCompress: 3.68kb
dist//home/runner/work/openDAWcopyasbs/openDAWcopyasbs/packages/app/studio/sb.8a07ce2e-22ce-4bf9-a11e-a383ddd7912e.js.br                 1.72kb / brotliCompress: 0.76kb
dist//home/runner/work/openDAWcopyasbs/openDAWcopyasbs/packages/app/studio/rust.8a07ce2e-22ce-4bf9-a11e-a383ddd7912e.js.br               3.99kb / brotliCompress: 1.62kb
dist//home/runner/work/openDAWcopyasbs/openDAWcopyasbs/packages/app/studio/scheme.8a07ce2e-22ce-4bf9-a11e-a383ddd7912e.js.br             1.66kb / brotliCompress: 0.74kb
dist//home/runner/work/openDAWcopyasbs/openDAWcopyasbs/packages/app/studio/ruby.8a07ce2e-22ce-4bf9-a11e-a383ddd7912e.js.br               8.24kb / brotliCompress: 2.29kb
dist//home/runner/work/openDAWcopyasbs/openDAWcopyasbs/packages/app/studio/shell.8a07ce2e-22ce-4bf9-a11e-a383ddd7912e.js.br              2.93kb / brotliCompress: 1.08kb
dist//home/runner/work/openDAWcopyasbs/openDAWcopyasbs/packages/app/studio/scala.8a07ce2e-22ce-4bf9-a11e-a383ddd7912e.js.br              7.08kb / brotliCompress: 1.86kb
dist//home/runner/work/openDAWcopyasbs/openDAWcopyasbs/packages/app/studio/scss.8a07ce2e-22ce-4bf9-a11e-a383ddd7912e.js.br               6.19kb / brotliCompress: 1.55kb
dist//home/runner/work/openDAWcopyasbs/openDAWcopyasbs/packages/app/studio/sparql.8a07ce2e-22ce-4bf9-a11e-a383ddd7912e.js.br             2.43kb / brotliCompress: 1.00kb
dist//home/runner/work/openDAWcopyasbs/openDAWcopyasbs/packages/app/studio/sql.8a07ce2e-22ce-4bf9-a11e-a383ddd7912e.js.br                9.99kb / brotliCompress: 3.32kb
dist//home/runner/work/openDAWcopyasbs/openDAWcopyasbs/packages/app/studio/solidity.8a07ce2e-22ce-4bf9-a11e-a383ddd7912e.js.br           18.10kb / brotliCompress: 2.48kb
dist//home/runner/work/openDAWcopyasbs/openDAWcopyasbs/packages/app/studio/sophia.8a07ce2e-22ce-4bf9-a11e-a383ddd7912e.js.br             2.63kb / brotliCompress: 1.07kb
dist//home/runner/work/openDAWcopyasbs/openDAWcopyasbs/packages/app/studio/st.8a07ce2e-22ce-4bf9-a11e-a383ddd7912e.js.br                 7.16kb / brotliCompress: 1.94kb
dist//home/runner/work/openDAWcopyasbs/openDAWcopyasbs/packages/app/studio/swift.8a07ce2e-22ce-4bf9-a11e-a383ddd7912e.js.br              4.73kb / brotliCompress: 1.73kb
dist//home/runner/work/openDAWcopyasbs/openDAWcopyasbs/packages/app/studio/tcl.8a07ce2e-22ce-4bf9-a11e-a383ddd7912e.js.br                3.42kb / brotliCompress: 1.21kb
dist//home/runner/work/openDAWcopyasbs/openDAWcopyasbs/packages/app/studio/systemverilog.8a07ce2e-22ce-4bf9-a11e-a383ddd7912e.js.br      7.37kb / brotliCompress: 2.43kb
dist//home/runner/work/openDAWcopyasbs/openDAWcopyasbs/packages/app/studio/twig.8a07ce2e-22ce-4bf9-a11e-a383ddd7912e.js.br               5.76kb / brotliCompress: 1.34kb
dist//home/runner/work/openDAWcopyasbs/openDAWcopyasbs/packages/app/studio/typespec.8a07ce2e-22ce-4bf9-a11e-a383ddd7912e.js.br           2.67kb / brotliCompress: 0.98kb
dist//home/runner/work/openDAWcopyasbs/openDAWcopyasbs/packages/app/studio/vb.8a07ce2e-22ce-4bf9-a11e-a383ddd7912e.js.br                 5.58kb / brotliCompress: 1.83kb
dist//home/runner/work/openDAWcopyasbs/openDAWcopyasbs/packages/app/studio/tsMode.8a07ce2e-22ce-4bf9-a11e-a383ddd7912e.js.br             23.41kb / brotliCompress: 5.86kb
dist//home/runner/work/openDAWcopyasbs/openDAWcopyasbs/packages/app/studio/typescript.8a07ce2e-22ce-4bf9-a11e-a383ddd7912e.js.br         5.38kb / brotliCompress: 1.95kb
dist//home/runner/work/openDAWcopyasbs/openDAWcopyasbs/packages/app/studio/wgsl.8a07ce2e-22ce-4bf9-a11e-a383ddd7912e.js.br               7.09kb / brotliCompress: 2.37kb
dist//home/runner/work/openDAWcopyasbs/openDAWcopyasbs/packages/app/studio/xml.8a07ce2e-22ce-4bf9-a11e-a383ddd7912e.js.br                2.45kb / brotliCompress: 0.87kb
dist//home/runner/work/openDAWcopyasbs/openDAWcopyasbs/packages/app/studio/editor.8a07ce2e-22ce-4bf9-a11e-a383ddd7912e.css.br            138.10kb / brotliCompress: 18.79kb
dist//home/runner/work/openDAWcopyasbs/openDAWcopyasbs/packages/app/studio/jszip.min.8a07ce2e-22ce-4bf9-a11e-a383ddd7912e.js.br          95.11kb / brotliCompress: 26.11kb
dist//home/runner/work/openDAWcopyasbs/openDAWcopyasbs/packages/app/studio/yaml.8a07ce2e-22ce-4bf9-a11e-a383ddd7912e.js.br               4.01kb / brotliCompress: 1.37kb
dist//home/runner/work/openDAWcopyasbs/openDAWcopyasbs/packages/app/studio/assets/editor.worker-CHMq8uMJ.js.br                           244.90kb / brotliCompress: 60.60kb
dist//home/runner/work/openDAWcopyasbs/openDAWcopyasbs/packages/app/studio/graph-runtime.8a07ce2e-22ce-4bf9-a11e-a383ddd7912e.js.br      179.72kb / brotliCompress: 50.55kb
dist//home/runner/work/openDAWcopyasbs/openDAWcopyasbs/packages/app/studio/assets/ScriptWorker-BzXETq49.js.br                            650.02kb / brotliCompress: 111.31kb
dist//home/runner/work/openDAWcopyasbs/openDAWcopyasbs/packages/app/studio/index.8a07ce2e-22ce-4bf9-a11e-a383ddd7912e2.js.br             477.51kb / brotliCompress: 97.21kb
dist//home/runner/work/openDAWcopyasbs/openDAWcopyasbs/packages/app/studio/processors.8a07ce2e-22ce-4bf9-a11e-a383ddd7912e.js.br         965.50kb / brotliCompress: 162.87kb
dist//home/runner/work/openDAWcopyasbs/openDAWcopyasbs/packages/app/studio/main.8a07ce2e-22ce-4bf9-a11e-a383ddd7912e.js.br               2061.00kb / brotliCompress: 432.90kb
dist//home/runner/work/openDAWcopyasbs/openDAWcopyasbs/packages/app/studio/editor.main.8a07ce2e-22ce-4bf9-a11e-a383ddd7912e.js.br        3587.03kb / brotliCompress: 717.22kb
dist//home/runner/work/openDAWcopyasbs/openDAWcopyasbs/packages/app/studio/assets/ts.worker-C0NX-1he.js.br                               5891.95kb / brotliCompress: 973.18kb


